<?xml version="1.0" encoding="UTF-8"?>
<testsuite name="com.hab.blog.HelloControllerTests" tests="1" skipped="0" failures="0" errors="0" timestamp="2023-11-05T21:19:34" hostname="PL4KX17XFK" time="0.021">
  <properties/>
  <testcase name="shouldReturnDefaultMessage()" classname="com.hab.blog.HelloControllerTests" time="0.021"/>
  <system-out><![CDATA[2023-11-06T05:19:32.774+08:00  INFO 50946 --- [    Test worker] t.c.s.AnnotationConfigContextLoaderUtils : Could not detect default configuration classes for test class [com.hab.blog.HelloControllerTests]: HelloControllerTests does not declare any static, non-private, non-final, nested classes annotated with @Configuration.
2023-11-06T05:19:32.776+08:00  INFO 50946 --- [    Test worker] .b.t.c.SpringBootTestContextBootstrapper : Found @SpringBootConfiguration com.hab.blog.BlogApplication for test class com.hab.blog.HelloControllerTests

  .   ____          _            __ _ _
 /\\ / ___'_ __ _ _(_)_ __  __ _ \ \ \ \
( ( )\___ | '_ | '_| | '_ \/ _` | \ \ \ \
 \\/  ___)| |_)| | | | | || (_| |  ) ) ) )
  '  |____| .__|_| |_|_| |_\__, | / / / /
 =========|_|==============|___/=/_/_/_/
 :: Spring Boot ::                (v3.1.5)

2023-11-06T05:19:32.785+08:00  INFO 50946 --- [    Test worker] com.hab.blog.HelloControllerTests        : Starting HelloControllerTests using Java 20.0.2 with PID 50946 (started by i564407 in /Users/i564407/blog)
2023-11-06T05:19:32.785+08:00  INFO 50946 --- [    Test worker] com.hab.blog.HelloControllerTests        : No active profile set, falling back to 1 default profile: "default"
2023-11-06T05:19:32.835+08:00  INFO 50946 --- [    Test worker] .s.d.r.c.RepositoryConfigurationDelegate : Bootstrapping Spring Data JPA repositories in DEFAULT mode.
2023-11-06T05:19:32.840+08:00  INFO 50946 --- [    Test worker] .s.d.r.c.RepositoryConfigurationDelegate : Finished Spring Data repository scanning in 4 ms. Found 1 JPA repository interfaces.
2023-11-06T05:19:32.870+08:00  INFO 50946 --- [    Test worker] o.hibernate.jpa.internal.util.LogHelper  : HHH000204: Processing PersistenceUnitInfo [name: default]
2023-11-06T05:19:32.872+08:00  INFO 50946 --- [    Test worker] o.s.o.j.p.SpringPersistenceUnitInfo      : No LoadTimeWeaver setup: ignoring JPA class transformer
2023-11-06T05:19:32.872+08:00  INFO 50946 --- [    Test worker] com.zaxxer.hikari.HikariDataSource       : HikariPool-2 - Starting...
2023-11-06T05:19:34.037+08:00  INFO 50946 --- [    Test worker] com.zaxxer.hikari.pool.HikariPool        : HikariPool-2 - Added connection com.mysql.cj.jdbc.ConnectionImpl@643f8ebe
2023-11-06T05:19:34.039+08:00  INFO 50946 --- [    Test worker] com.zaxxer.hikari.HikariDataSource       : HikariPool-2 - Start completed.
2023-11-06T05:19:34.040+08:00  WARN 50946 --- [    Test worker] org.hibernate.orm.deprecation            : HHH90000025: MySQL8Dialect does not need to be specified explicitly using 'hibernate.dialect' (remove the property setting and it will be selected by default)
2023-11-06T05:19:34.041+08:00  WARN 50946 --- [    Test worker] org.hibernate.orm.deprecation            : HHH90000026: MySQL8Dialect has been deprecated; use org.hibernate.dialect.MySQLDialect instead
2023-11-06T05:19:34.069+08:00  INFO 50946 --- [    Test worker] o.h.e.t.j.p.i.JtaPlatformInitiator       : HHH000489: No JTA platform available (set 'hibernate.transaction.jta.platform' to enable JTA platform integration)
2023-11-06T05:19:34.199+08:00  INFO 50946 --- [    Test worker] j.LocalContainerEntityManagerFactoryBean : Initialized JPA EntityManagerFactory for persistence unit 'default'
2023-11-06T05:19:34.230+08:00  WARN 50946 --- [    Test worker] JpaBaseConfiguration$JpaWebConfiguration : spring.jpa.open-in-view is enabled by default. Therefore, database queries may be performed during view rendering. Explicitly configure spring.jpa.open-in-view to disable this warning
2023-11-06T05:19:34.270+08:00  INFO 50946 --- [    Test worker] o.s.b.t.m.w.SpringBootMockServletContext : Initializing Spring TestDispatcherServlet ''
2023-11-06T05:19:34.270+08:00  INFO 50946 --- [    Test worker] o.s.t.web.servlet.TestDispatcherServlet  : Initializing Servlet ''
2023-11-06T05:19:34.271+08:00  INFO 50946 --- [    Test worker] o.s.t.web.servlet.TestDispatcherServlet  : Completed initialization in 0 ms
2023-11-06T05:19:34.274+08:00  INFO 50946 --- [    Test worker] com.hab.blog.HelloControllerTests        : Started HelloControllerTests in 1.495 seconds (process running for 5.18)
]]></system-out>
  <system-err><![CDATA[]]></system-err>
</testsuite>
