<?xml version="1.0" encoding="UTF-8"?>
<testsuite name="com.hab.blog.HelloControllerTests" tests="1" skipped="0" failures="0" errors="0" timestamp="2023-11-05T18:45:26" hostname="PL4KX17XFK" time="0.451">
  <properties/>
  <testcase name="shouldReturnDefaultMessage()" classname="com.hab.blog.HelloControllerTests" time="0.451"/>
  <system-out><![CDATA[02:45:25.484 [Test worker] INFO org.springframework.test.context.support.AnnotationConfigContextLoaderUtils -- Could not detect default configuration classes for test class [com.hab.blog.HelloControllerTests]: HelloControllerTests does not declare any static, non-private, non-final, nested classes annotated with @Configuration.
02:45:25.535 [Test worker] INFO org.springframework.boot.test.context.SpringBootTestContextBootstrapper -- Found @SpringBootConfiguration com.hab.blog.BlogApplication for test class com.hab.blog.HelloControllerTests

  .   ____          _            __ _ _
 /\\ / ___'_ __ _ _(_)_ __  __ _ \ \ \ \
( ( )\___ | '_ | '_| | '_ \/ _` | \ \ \ \
 \\/  ___)| |_)| | | | | || (_| |  ) ) ) )
  '  |____| .__|_| |_|_| |_\__, | / / / /
 =========|_|==============|___/=/_/_/_/
 :: Spring Boot ::                (v3.1.5)

2023-11-06T02:45:25.665+08:00  INFO 40970 --- [    Test worker] com.hab.blog.HelloControllerTests        : Starting HelloControllerTests using Java 20.0.2 with PID 40970 (started by i564407 in /Users/i564407/blog)
2023-11-06T02:45:25.665+08:00  INFO 40970 --- [    Test worker] com.hab.blog.HelloControllerTests        : No active profile set, falling back to 1 default profile: "default"
2023-11-06T02:45:26.021+08:00  INFO 40970 --- [    Test worker] o.s.b.t.m.w.SpringBootMockServletContext : Initializing Spring TestDispatcherServlet ''
2023-11-06T02:45:26.022+08:00  INFO 40970 --- [    Test worker] o.s.t.web.servlet.TestDispatcherServlet  : Initializing Servlet ''
2023-11-06T02:45:26.022+08:00  INFO 40970 --- [    Test worker] o.s.t.web.servlet.TestDispatcherServlet  : Completed initialization in 0 ms
2023-11-06T02:45:26.048+08:00  INFO 40970 --- [    Test worker] com.hab.blog.HelloControllerTests        : Started HelloControllerTests in 0.449 seconds (process running for 1.067)
]]></system-out>
  <system-err><![CDATA[]]></system-err>
</testsuite>
