<?xml version="1.0" encoding="UTF-8"?>
<testsuite name="com.hab.blog.controller.UserControllerTest" tests="1" skipped="0" failures="0" errors="0" timestamp="2023-11-06T13:37:45" hostname="PL4KX17XFK" time="0.169">
  <properties/>
  <testcase name="createUser_ShouldReturnUser_WhenRequestIsValid()" classname="com.hab.blog.controller.UserControllerTest" time="0.169"/>
  <system-out><![CDATA[2023-11-06T21:37:44.760+08:00  INFO 87416 --- [    Test worker] t.c.s.AnnotationConfigContextLoaderUtils : Could not detect default configuration classes for test class [com.hab.blog.controller.UserControllerTest]: UserControllerTest does not declare any static, non-private, non-final, nested classes annotated with @Configuration.
2023-11-06T21:37:44.764+08:00  INFO 87416 --- [    Test worker] .b.t.c.SpringBootTestContextBootstrapper : Found @SpringBootConfiguration com.hab.blog.BlogApplication for test class com.hab.blog.controller.UserControllerTest

  .   ____          _            __ _ _
 /\\ / ___'_ __ _ _(_)_ __  __ _ \ \ \ \
( ( )\___ | '_ | '_| | '_ \/ _` | \ \ \ \
 \\/  ___)| |_)| | | | | || (_| |  ) ) ) )
  '  |____| .__|_| |_|_| |_\__, | / / / /
 =========|_|==============|___/=/_/_/_/
 :: Spring Boot ::                (v3.1.5)

2023-11-06T21:37:44.773+08:00  INFO 87416 --- [    Test worker] c.h.blog.controller.UserControllerTest   : Starting UserControllerTest using Java 20.0.2 with PID 87416 (started by i564407 in /Users/i564407/blog)
2023-11-06T21:37:44.773+08:00  INFO 87416 --- [    Test worker] c.h.blog.controller.UserControllerTest   : No active profile set, falling back to 1 default profile: "default"
2023-11-06T21:37:44.817+08:00  INFO 87416 --- [    Test worker] .s.d.r.c.RepositoryConfigurationDelegate : Bootstrapping Spring Data JPA repositories in DEFAULT mode.
2023-11-06T21:37:44.821+08:00  INFO 87416 --- [    Test worker] .s.d.r.c.RepositoryConfigurationDelegate : Finished Spring Data repository scanning in 3 ms. Found 1 JPA repository interfaces.
2023-11-06T21:37:44.984+08:00  INFO 87416 --- [    Test worker] o.hibernate.jpa.internal.util.LogHelper  : HHH000204: Processing PersistenceUnitInfo [name: default]
2023-11-06T21:37:44.989+08:00  INFO 87416 --- [    Test worker] o.s.o.j.p.SpringPersistenceUnitInfo      : No LoadTimeWeaver setup: ignoring JPA class transformer
2023-11-06T21:37:44.990+08:00  INFO 87416 --- [    Test worker] com.zaxxer.hikari.HikariDataSource       : HikariPool-3 - Starting...
2023-11-06T21:37:44.990+08:00  INFO 87416 --- [    Test worker] com.zaxxer.hikari.pool.HikariPool        : HikariPool-3 - Added connection conn20: url=jdbc:h2:mem:test user=SA
2023-11-06T21:37:44.990+08:00  INFO 87416 --- [    Test worker] com.zaxxer.hikari.HikariDataSource       : HikariPool-3 - Start completed.
2023-11-06T21:37:44.991+08:00  WARN 87416 --- [    Test worker] org.hibernate.orm.deprecation            : HHH90000025: H2Dialect does not need to be specified explicitly using 'hibernate.dialect' (remove the property setting and it will be selected by default)
2023-11-06T21:37:45.027+08:00  INFO 87416 --- [    Test worker] o.h.e.t.j.p.i.JtaPlatformInitiator       : HHH000489: No JTA platform available (set 'hibernate.transaction.jta.platform' to enable JTA platform integration)
2023-11-06T21:37:45.030+08:00  INFO 87416 --- [    Test worker] j.LocalContainerEntityManagerFactoryBean : Initialized JPA EntityManagerFactory for persistence unit 'default'
2023-11-06T21:37:45.063+08:00  WARN 87416 --- [    Test worker] JpaBaseConfiguration$JpaWebConfiguration : spring.jpa.open-in-view is enabled by default. Therefore, database queries may be performed during view rendering. Explicitly configure spring.jpa.open-in-view to disable this warning
2023-11-06T21:37:45.161+08:00  INFO 87416 --- [    Test worker] o.s.b.t.m.w.SpringBootMockServletContext : Initializing Spring TestDispatcherServlet ''
2023-11-06T21:37:45.161+08:00  INFO 87416 --- [    Test worker] o.s.t.web.servlet.TestDispatcherServlet  : Initializing Servlet ''
2023-11-06T21:37:45.161+08:00  INFO 87416 --- [    Test worker] o.s.t.web.servlet.TestDispatcherServlet  : Completed initialization in 0 ms
2023-11-06T21:37:45.166+08:00  INFO 87416 --- [    Test worker] c.h.blog.controller.UserControllerTest   : Started UserControllerTest in 0.4 seconds (process running for 5.309)
]]></system-out>
  <system-err><![CDATA[]]></system-err>
</testsuite>
