<?xml version="1.0" encoding="UTF-8"?>
<testsuite name="com.hab.blog.integration.MySQLIntegrationTest" tests="1" skipped="0" failures="0" errors="0" timestamp="2023-11-05T19:43:28" hostname="PL4KX17XFK" time="0.598">
  <properties/>
  <testcase name="testSimpleSelect()" classname="com.hab.blog.integration.MySQLIntegrationTest" time="0.598"/>
  <system-out><![CDATA[03:43:19.643 [Test worker] INFO org.springframework.test.context.support.AnnotationConfigContextLoaderUtils -- Could not detect default configuration classes for test class [com.hab.blog.integration.MySQLIntegrationTest]: MySQLIntegrationTest does not declare any static, non-private, non-final, nested classes annotated with @Configuration.
03:43:19.689 [Test worker] INFO org.springframework.boot.test.context.SpringBootTestContextBootstrapper -- Found @SpringBootConfiguration com.hab.blog.BlogApplication for test class com.hab.blog.integration.MySQLIntegrationTest
03:43:19.736 [Test worker] INFO org.testcontainers.utility.ImageNameSubstitutor -- Image name substitution will be performed by: DefaultImageNameSubstitutor (composite of 'ConfigurationFileImageNameSubstitutor' and 'PrefixingImageNameSubstitutor')
03:43:19.822 [Test worker] INFO org.testcontainers.dockerclient.DockerClientProviderStrategy -- Loaded org.testcontainers.dockerclient.UnixSocketClientProviderStrategy from ~/.testcontainers.properties, will try it first
03:43:19.935 [Test worker] INFO org.testcontainers.dockerclient.DockerClientProviderStrategy -- Found Docker environment with local Unix socket (unix:///var/run/docker.sock)
03:43:19.936 [Test worker] INFO org.testcontainers.DockerClientFactory -- Docker host IP address is localhost
03:43:19.953 [Test worker] INFO org.testcontainers.DockerClientFactory -- Connected to docker: 
  Server Version: 23.0.5
  API Version: 1.42
  Operating System: Docker Desktop
  Total Memory: 7851 MB
03:43:19.974 [Test worker] INFO tc.testcontainers/ryuk:0.5.1 -- Creating container for image: testcontainers/ryuk:0.5.1
03:43:20.263 [Test worker] INFO org.testcontainers.utility.RegistryAuthLocator -- Credential helper/store (docker-credential-desktop) does not have credentials for https://index.docker.io/v1/
03:43:20.333 [Test worker] INFO tc.testcontainers/ryuk:0.5.1 -- Container testcontainers/ryuk:0.5.1 is starting: 331996bcc7e55bdc720e101b96e7ffd74733c1b8b33809627f55dad83a650214
03:43:20.576 [Test worker] INFO tc.testcontainers/ryuk:0.5.1 -- Container testcontainers/ryuk:0.5.1 started in PT0.619253S
03:43:20.580 [Test worker] INFO org.testcontainers.utility.RyukResourceReaper -- Ryuk started - will monitor and terminate Testcontainers containers on JVM exit
03:43:20.580 [Test worker] INFO org.testcontainers.DockerClientFactory -- Checking the system...
03:43:20.580 [Test worker] INFO org.testcontainers.DockerClientFactory -- ✔︎ Docker server version should be at least 1.6.0
03:43:20.582 [Test worker] INFO tc.mysql:8.0 -- Creating container for image: mysql:8.0
03:43:20.656 [Test worker] INFO tc.mysql:8.0 -- Container mysql:8.0 is starting: 0a8acfc359f638ddc2758e4e92390c6f372b2330c496dc86aaac452825e7faeb
03:43:20.840 [Test worker] INFO tc.mysql:8.0 -- Waiting for database connection to become available at jdbc:mysql://localhost:54752/testdb using query 'SELECT 1'
03:43:28.173 [Test worker] INFO tc.mysql:8.0 -- Container mysql:8.0 started in PT7.591184S
03:43:28.173 [Test worker] INFO tc.mysql:8.0 -- Container is started (JDBC URL: jdbc:mysql://localhost:54752/testdb)

  .   ____          _            __ _ _
 /\\ / ___'_ __ _ _(_)_ __  __ _ \ \ \ \
( ( )\___ | '_ | '_| | '_ \/ _` | \ \ \ \
 \\/  ___)| |_)| | | | | || (_| |  ) ) ) )
  '  |____| .__|_| |_|_| |_\__, | / / / /
 =========|_|==============|___/=/_/_/_/
 :: Spring Boot ::                (v3.1.5)

2023-11-06T03:43:28.275+08:00  INFO 45033 --- [    Test worker] c.h.b.integration.MySQLIntegrationTest   : Starting MySQLIntegrationTest using Java 20.0.2 with PID 45033 (started by i564407 in /Users/i564407/blog)
2023-11-06T03:43:28.276+08:00  INFO 45033 --- [    Test worker] c.h.b.integration.MySQLIntegrationTest   : The following 1 profile is active: "mysql"
2023-11-06T03:43:28.760+08:00  INFO 45033 --- [    Test worker] c.h.b.integration.MySQLIntegrationTest   : Started MySQLIntegrationTest in 0.568 seconds (process running for 9.467)
2023-11-06T03:43:29.182+08:00  INFO 45033 --- [    Test worker] com.zaxxer.hikari.HikariDataSource       : HikariPool-1 - Starting...
2023-11-06T03:43:29.307+08:00  INFO 45033 --- [    Test worker] com.zaxxer.hikari.pool.HikariPool        : HikariPool-1 - Added connection com.mysql.cj.jdbc.ConnectionImpl@6d9ee75a
2023-11-06T03:43:29.308+08:00  INFO 45033 --- [    Test worker] com.zaxxer.hikari.HikariDataSource       : HikariPool-1 - Start completed.
]]></system-out>
  <system-err><![CDATA[]]></system-err>
</testsuite>
