<?xml version="1.0" encoding="UTF-8"?>
<testsuite name="com.hab.blog.repository.UserRepositoryTest" tests="2" skipped="0" failures="0" errors="0" timestamp="2023-11-06T13:37:55" hostname="PL4KX17XFK" time="0.175">
  <properties/>
  <testcase name="findByEmailShouldReturnUser()" classname="com.hab.blog.repository.UserRepositoryTest" time="0.171"/>
  <testcase name="findByEmailShouldReturnEmptyIfUserNotFound()" classname="com.hab.blog.repository.UserRepositoryTest" time="0.003"/>
  <system-out><![CDATA[2023-11-06T21:37:55.272+08:00  INFO 87416 --- [    Test worker] t.c.s.AnnotationConfigContextLoaderUtils : Could not detect default configuration classes for test class [com.hab.blog.repository.UserRepositoryTest]: UserRepositoryTest does not declare any static, non-private, non-final, nested classes annotated with @Configuration.
2023-11-06T21:37:55.280+08:00  INFO 87416 --- [    Test worker] .b.t.c.SpringBootTestContextBootstrapper : Found @SpringBootConfiguration com.hab.blog.BlogApplication for test class com.hab.blog.repository.UserRepositoryTest

  .   ____          _            __ _ _
 /\\ / ___'_ __ _ _(_)_ __  __ _ \ \ \ \
( ( )\___ | '_ | '_| | '_ \/ _` | \ \ \ \
 \\/  ___)| |_)| | | | | || (_| |  ) ) ) )
  '  |____| .__|_| |_|_| |_\__, | / / / /
 =========|_|==============|___/=/_/_/_/
 :: Spring Boot ::                (v3.1.5)

2023-11-06T21:37:55.290+08:00  INFO 87416 --- [    Test worker] c.h.blog.repository.UserRepositoryTest   : Starting UserRepositoryTest using Java 20.0.2 with PID 87416 (started by i564407 in /Users/i564407/blog)
2023-11-06T21:37:55.290+08:00  INFO 87416 --- [    Test worker] c.h.blog.repository.UserRepositoryTest   : No active profile set, falling back to 1 default profile: "default"
2023-11-06T21:37:55.313+08:00  INFO 87416 --- [    Test worker] .s.d.r.c.RepositoryConfigurationDelegate : Bootstrapping Spring Data JPA repositories in DEFAULT mode.
2023-11-06T21:37:55.317+08:00  INFO 87416 --- [    Test worker] .s.d.r.c.RepositoryConfigurationDelegate : Finished Spring Data repository scanning in 3 ms. Found 1 JPA repository interfaces.
2023-11-06T21:37:55.322+08:00  INFO 87416 --- [    Test worker] beddedDataSourceBeanFactoryPostProcessor : Replacing 'dataSource' DataSource bean with embedded version
2023-11-06T21:37:55.333+08:00  INFO 87416 --- [    Test worker] o.s.j.d.e.EmbeddedDatabaseFactory        : Starting embedded database: url='jdbc:h2:mem:ae8a2d7d-4bbd-4dad-a16a-954537e3174a;DB_CLOSE_DELAY=-1;DB_CLOSE_ON_EXIT=false', username='sa'
2023-11-06T21:37:55.341+08:00  INFO 87416 --- [    Test worker] o.hibernate.jpa.internal.util.LogHelper  : HHH000204: Processing PersistenceUnitInfo [name: default]
2023-11-06T21:37:55.343+08:00  INFO 87416 --- [    Test worker] o.s.o.j.p.SpringPersistenceUnitInfo      : No LoadTimeWeaver setup: ignoring JPA class transformer
2023-11-06T21:37:55.344+08:00  WARN 87416 --- [    Test worker] org.hibernate.orm.deprecation            : HHH90000025: H2Dialect does not need to be specified explicitly using 'hibernate.dialect' (remove the property setting and it will be selected by default)
2023-11-06T21:37:55.361+08:00  INFO 87416 --- [    Test worker] o.h.e.t.j.p.i.JtaPlatformInitiator       : HHH000489: No JTA platform available (set 'hibernate.transaction.jta.platform' to enable JTA platform integration)
Hibernate: drop table if exists users cascade 
Hibernate: create table users (disabled boolean not null, two_factor_auth_enabled boolean not null, id bigint generated by default as identity, registered_at timestamp(6) with time zone not null, bio varchar(500), avatar varchar(255), display_name varchar(255) not null, email varchar(255) not null unique, password varchar(255) not null, phone_number varchar(255), primary key (id))
2023-11-06T21:37:55.364+08:00  INFO 87416 --- [    Test worker] j.LocalContainerEntityManagerFactoryBean : Initialized JPA EntityManagerFactory for persistence unit 'default'
2023-11-06T21:37:55.382+08:00  INFO 87416 --- [    Test worker] c.h.blog.repository.UserRepositoryTest   : Started UserRepositoryTest in 0.1 seconds (process running for 15.524)
Hibernate: insert into users (avatar,bio,disabled,display_name,email,password,phone_number,registered_at,two_factor_auth_enabled,id) values (?,?,?,?,?,?,?,?,?,default)
Hibernate: select u1_0.id,u1_0.avatar,u1_0.bio,u1_0.disabled,u1_0.display_name,u1_0.email,u1_0.password,u1_0.phone_number,u1_0.registered_at,u1_0.two_factor_auth_enabled from users u1_0 where u1_0.email=?
Hibernate: select u1_0.id,u1_0.avatar,u1_0.bio,u1_0.disabled,u1_0.display_name,u1_0.email,u1_0.password,u1_0.phone_number,u1_0.registered_at,u1_0.two_factor_auth_enabled from users u1_0 where u1_0.email=?
]]></system-out>
  <system-err><![CDATA[]]></system-err>
</testsuite>
