<?xml version="1.0" encoding="UTF-8"?>
<testsuite name="com.hab.blog.BlogApplicationTests" tests="1" skipped="0" failures="0" errors="0" timestamp="2023-11-06T13:37:44" hostname="PL4KX17XFK" time="0.347">
  <properties/>
  <testcase name="contextLoads()" classname="com.hab.blog.BlogApplicationTests" time="0.347"/>
  <system-out><![CDATA[21:37:41.872 [Test worker] INFO org.springframework.test.context.support.AnnotationConfigContextLoaderUtils -- Could not detect default configuration classes for test class [com.hab.blog.BlogApplicationTests]: BlogApplicationTests does not declare any static, non-private, non-final, nested classes annotated with @Configuration.
21:37:41.937 [Test worker] INFO org.springframework.boot.test.context.SpringBootTestContextBootstrapper -- Found @SpringBootConfiguration com.hab.blog.BlogApplication for test class com.hab.blog.BlogApplicationTests

  .   ____          _            __ _ _
 /\\ / ___'_ __ _ _(_)_ __  __ _ \ \ \ \
( ( )\___ | '_ | '_| | '_ \/ _` | \ \ \ \
 \\/  ___)| |_)| | | | | || (_| |  ) ) ) )
  '  |____| .__|_| |_|_| |_\__, | / / / /
 =========|_|==============|___/=/_/_/_/
 :: Spring Boot ::                (v3.1.5)

2023-11-06T21:37:42.169+08:00  INFO 87416 --- [    Test worker] com.hab.blog.BlogApplicationTests        : Starting BlogApplicationTests using Java 20.0.2 with PID 87416 (started by i564407 in /Users/i564407/blog)
2023-11-06T21:37:42.170+08:00  INFO 87416 --- [    Test worker] com.hab.blog.BlogApplicationTests        : No active profile set, falling back to 1 default profile: "default"
2023-11-06T21:37:42.500+08:00  INFO 87416 --- [    Test worker] .s.d.r.c.RepositoryConfigurationDelegate : Bootstrapping Spring Data JPA repositories in DEFAULT mode.
2023-11-06T21:37:42.533+08:00  INFO 87416 --- [    Test worker] .s.d.r.c.RepositoryConfigurationDelegate : Finished Spring Data repository scanning in 28 ms. Found 1 JPA repository interfaces.
2023-11-06T21:37:42.750+08:00  INFO 87416 --- [    Test worker] o.hibernate.jpa.internal.util.LogHelper  : HHH000204: Processing PersistenceUnitInfo [name: default]
2023-11-06T21:37:42.790+08:00  INFO 87416 --- [    Test worker] org.hibernate.Version                    : HHH000412: Hibernate ORM core version 6.2.13.Final
2023-11-06T21:37:42.792+08:00  INFO 87416 --- [    Test worker] org.hibernate.cfg.Environment            : HHH000406: Using bytecode reflection optimizer
2023-11-06T21:37:42.982+08:00  INFO 87416 --- [    Test worker] o.s.o.j.p.SpringPersistenceUnitInfo      : No LoadTimeWeaver setup: ignoring JPA class transformer
2023-11-06T21:37:43.002+08:00  INFO 87416 --- [    Test worker] com.zaxxer.hikari.HikariDataSource       : HikariPool-1 - Starting...
2023-11-06T21:37:43.185+08:00  INFO 87416 --- [    Test worker] com.zaxxer.hikari.pool.HikariPool        : HikariPool-1 - Added connection conn0: url=jdbc:h2:mem:test user=SA
2023-11-06T21:37:43.186+08:00  INFO 87416 --- [    Test worker] com.zaxxer.hikari.HikariDataSource       : HikariPool-1 - Start completed.
2023-11-06T21:37:43.204+08:00  WARN 87416 --- [    Test worker] org.hibernate.orm.deprecation            : HHH90000025: H2Dialect does not need to be specified explicitly using 'hibernate.dialect' (remove the property setting and it will be selected by default)
2023-11-06T21:37:43.687+08:00  INFO 87416 --- [    Test worker] o.h.e.t.j.p.i.JtaPlatformInitiator       : HHH000489: No JTA platform available (set 'hibernate.transaction.jta.platform' to enable JTA platform integration)
2023-11-06T21:37:43.715+08:00  INFO 87416 --- [    Test worker] j.LocalContainerEntityManagerFactoryBean : Initialized JPA EntityManagerFactory for persistence unit 'default'
2023-11-06T21:37:43.960+08:00  WARN 87416 --- [    Test worker] JpaBaseConfiguration$JpaWebConfiguration : spring.jpa.open-in-view is enabled by default. Therefore, database queries may be performed during view rendering. Explicitly configure spring.jpa.open-in-view to disable this warning
2023-11-06T21:37:44.140+08:00  INFO 87416 --- [    Test worker] com.hab.blog.BlogApplicationTests        : Started BlogApplicationTests in 2.11 seconds (process running for 4.283)
]]></system-out>
  <system-err><![CDATA[]]></system-err>
</testsuite>
