<?xml version="1.0" encoding="UTF-8"?>
<testsuite name="com.hab.blog.service.UserServiceTest" tests="2" skipped="0" failures="0" errors="0" timestamp="2023-11-06T13:37:55" hostname="PL4KX17XFK" time="0.009">
  <properties/>
  <testcase name="userRepositoryIsMocked()" classname="com.hab.blog.service.UserServiceTest" time="0.003"/>
  <testcase name="testCreateUser()" classname="com.hab.blog.service.UserServiceTest" time="0.005"/>
  <system-out><![CDATA[2023-11-06T21:37:55.559+08:00  INFO 87416 --- [    Test worker] t.c.s.AnnotationConfigContextLoaderUtils : Could not detect default configuration classes for test class [com.hab.blog.service.UserServiceTest]: UserServiceTest does not declare any static, non-private, non-final, nested classes annotated with @Configuration.
2023-11-06T21:37:55.562+08:00  INFO 87416 --- [    Test worker] .b.t.c.SpringBootTestContextBootstrapper : Found @SpringBootConfiguration com.hab.blog.BlogApplication for test class com.hab.blog.service.UserServiceTest

  .   ____          _            __ _ _
 /\\ / ___'_ __ _ _(_)_ __  __ _ \ \ \ \
( ( )\___ | '_ | '_| | '_ \/ _` | \ \ \ \
 \\/  ___)| |_)| | | | | || (_| |  ) ) ) )
  '  |____| .__|_| |_|_| |_\__, | / / / /
 =========|_|==============|___/=/_/_/_/
 :: Spring Boot ::                (v3.1.5)

2023-11-06T21:37:55.568+08:00  INFO 87416 --- [    Test worker] com.hab.blog.service.UserServiceTest     : Starting UserServiceTest using Java 20.0.2 with PID 87416 (started by i564407 in /Users/i564407/blog)
2023-11-06T21:37:55.568+08:00  INFO 87416 --- [    Test worker] com.hab.blog.service.UserServiceTest     : No active profile set, falling back to 1 default profile: "default"
2023-11-06T21:37:55.600+08:00  INFO 87416 --- [    Test worker] .s.d.r.c.RepositoryConfigurationDelegate : Bootstrapping Spring Data JPA repositories in DEFAULT mode.
2023-11-06T21:37:55.604+08:00  INFO 87416 --- [    Test worker] .s.d.r.c.RepositoryConfigurationDelegate : Finished Spring Data repository scanning in 3 ms. Found 1 JPA repository interfaces.
2023-11-06T21:37:55.686+08:00  INFO 87416 --- [    Test worker] o.hibernate.jpa.internal.util.LogHelper  : HHH000204: Processing PersistenceUnitInfo [name: default]
2023-11-06T21:37:55.688+08:00  INFO 87416 --- [    Test worker] o.s.o.j.p.SpringPersistenceUnitInfo      : No LoadTimeWeaver setup: ignoring JPA class transformer
2023-11-06T21:37:55.688+08:00  INFO 87416 --- [    Test worker] com.zaxxer.hikari.HikariDataSource       : HikariPool-5 - Starting...
2023-11-06T21:37:55.689+08:00  INFO 87416 --- [    Test worker] com.zaxxer.hikari.pool.HikariPool        : HikariPool-5 - Added connection conn36: url=jdbc:h2:mem:test user=SA
2023-11-06T21:37:55.689+08:00  INFO 87416 --- [    Test worker] com.zaxxer.hikari.HikariDataSource       : HikariPool-5 - Start completed.
2023-11-06T21:37:55.689+08:00  WARN 87416 --- [    Test worker] org.hibernate.orm.deprecation            : HHH90000025: H2Dialect does not need to be specified explicitly using 'hibernate.dialect' (remove the property setting and it will be selected by default)
2023-11-06T21:37:55.702+08:00  INFO 87416 --- [    Test worker] o.h.e.t.j.p.i.JtaPlatformInitiator       : HHH000489: No JTA platform available (set 'hibernate.transaction.jta.platform' to enable JTA platform integration)
2023-11-06T21:37:55.704+08:00  INFO 87416 --- [    Test worker] j.LocalContainerEntityManagerFactoryBean : Initialized JPA EntityManagerFactory for persistence unit 'default'
2023-11-06T21:37:55.712+08:00  WARN 87416 --- [    Test worker] JpaBaseConfiguration$JpaWebConfiguration : spring.jpa.open-in-view is enabled by default. Therefore, database queries may be performed during view rendering. Explicitly configure spring.jpa.open-in-view to disable this warning
2023-11-06T21:37:55.735+08:00  INFO 87416 --- [    Test worker] com.hab.blog.service.UserServiceTest     : Started UserServiceTest in 0.172 seconds (process running for 15.877)
]]></system-out>
  <system-err><![CDATA[]]></system-err>
</testsuite>
