<?xml version="1.0" encoding="UTF-8"?>
<testsuite name="com.hab.blog.BlogApplicationTests" tests="1" skipped="0" failures="0" errors="0" timestamp="2023-11-05T18:45:26" hostname="PL4KX17XFK" time="0.001">
  <properties/>
  <testcase name="contextLoads()" classname="com.hab.blog.BlogApplicationTests" time="0.001"/>
  <system-out><![CDATA[2023-11-06T02:45:26.507+08:00  INFO 40970 --- [    Test worker] t.c.s.AnnotationConfigContextLoaderUtils : Could not detect default configuration classes for test class [com.hab.blog.BlogApplicationTests]: BlogApplicationTests does not declare any static, non-private, non-final, nested classes annotated with @Configuration.
2023-11-06T02:45:26.507+08:00  INFO 40970 --- [    Test worker] .b.t.c.SpringBootTestContextBootstrapper : Found @SpringBootConfiguration com.hab.blog.BlogApplication for test class com.hab.blog.BlogApplicationTests

  .   ____          _            __ _ _
 /\\ / ___'_ __ _ _(_)_ __  __ _ \ \ \ \
( ( )\___ | '_ | '_| | '_ \/ _` | \ \ \ \
 \\/  ___)| |_)| | | | | || (_| |  ) ) ) )
  '  |____| .__|_| |_|_| |_\__, | / / / /
 =========|_|==============|___/=/_/_/_/
 :: Spring Boot ::                (v3.1.5)

2023-11-06T02:45:26.516+08:00  INFO 40970 --- [    Test worker] com.hab.blog.BlogApplicationTests        : Starting BlogApplicationTests using Java 20.0.2 with PID 40970 (started by i564407 in /Users/i564407/blog)
2023-11-06T02:45:26.516+08:00  INFO 40970 --- [    Test worker] com.hab.blog.BlogApplicationTests        : No active profile set, falling back to 1 default profile: "default"
2023-11-06T02:45:26.587+08:00  INFO 40970 --- [    Test worker] com.hab.blog.BlogApplicationTests        : Started BlogApplicationTests in 0.077 seconds (process running for 1.606)
]]></system-out>
  <system-err><![CDATA[]]></system-err>
</testsuite>
